-1 STR
-1 ADD 00exo0jcr0system0uuid00000000000
-1 ADD 00exo0jcr0version0storage0uuid00
-1 ADD b6af08a77f00010101be466325649fca
-1 ADD 00exo0jcr0node0types0root0uuid00
-1 ADD b6af08ac7f000101019c4091d9bd2927
-1 ADD b6af08ab7f000101005cc942128dc411
-1 ADD b6af08d77f00010100b31a7c7384d8f2
-1 ADD b6af08ac7f000101018c8aea3419ca8b
-1 ADD b6af08ab7f00010101582a7cb8ef087b
-1 ADD b6af08ac7f000101001309982210020e
-1 ADD b6af08ab7f00010100aefcbb3b663e14
-1 ADD b6af08d77f000101017a770683aec788
-1 ADD b6af08ab7f0001010103fcaabce8065f
-1 ADD b6af08d87f00010101e6f0ef0925cc59
-1 ADD b6af08ac7f00010100bfd66a2216708f
-1 ADD b6af08ac7f0001010145fe3b37d541ac
-1 ADD b6af08da7f00010101042fccfe85d27a
-1 ADD b6af08ac7f0001010053abbb30f46cf4
-1 ADD b6af08d87f000101004e21db9140e677
-1 ADD b6af08d67f00010101e09eab87de9f0d
-1 ADD b6af08d97f00010101971eb37f222d8b
-1 ADD b6af08de7f0001010024e801e133f8f1
-1 ADD b6af08ac7f000101007f3b8a4823db95
-1 ADD b6af08da7f00010100ad339b37f97733
-1 ADD b6af08e17f000101012cb585d4dcda51
-1 ADD b6af08d97f00010101458dcb82979d75
-1 ADD b6af08d67f00010100ec115b5f6228d5
-1 ADD b6af08db7f00010100650646dd33360a
-1 ADD b6af08dd7f00010100c28cb780410b08
-1 ADD b6af08de7f0001010093bca2b8e245f9
-1 ADD b6af08d67f000101000932fe7929aa16
-1 ADD b6af08df7f00010101f51e5c82e90868
-1 ADD b6af08dd7f00010101b830483a8478d9
-1 ADD b6af08e27f000101001533c84bf61d5b
-1 ADD b6af08e37f00010101c703152eb1288a
-1 ADD b6af08e17f00010101e2a069fe6ddfdc
-1 ADD b6af08df7f0001010088d31900d8c2aa
-1 ADD b6af08e37f00010100268cc6f5dd9d66
-1 ADD b6af08dc7f00010100bd4e3cecf31338
-1 ADD b6af08e17f000101010e18bafc994ef5
-1 ADD b6af08df7f00010101ee04fd278674db
-1 ADD b6af08e17f00010100c4afc4a5c459be
-1 ADD b6af08e37f00010100b2fb1eb30f3f2c
-1 ADD b6af08e27f00010100d844a9dca338c7
-1 ADD b6af08eb7f00010101757337a187ba51
-1 ADD b6af08df7f000101015c929af0fd43bf
-1 ADD b6af08e07f0001010063f09eb9564fd3
-1 ADD b6af08eb7f0001010078529de1bab493
-1 ADD b6af08e27f00010101e2c841030f30a6
-1 ADD b6af08e87f00010101275a344f846ef6
-1 ADD b6af08eb7f00010101bd9de37fbeefbb
-1 ADD b6af08ec7f0001010070c38cc39a8db9
-1 ADD b6af08e47f0001010067cd84113d61d7
-1 ADD b6af08eb7f00010100cc7f9e1e3e9a6a
-1 ADD b6af08f17f0001010080ed9001a0ea40
-1 ADD b6af08ec7f00010101852a81b22a5422
-1 ADD b6af08e87f0001010056c3cfee01f117
-1 ADD b6af08ec7f00010100d0deb5260d872f
-1 ADD b6af08e97f00010101e2c9bfbf7bea9a
-1 ADD b6af08ed7f0001010045ce174bc491e1
-1 ADD b6af08e57f000101011d20668197dfff
-1 ADD b6af08f17f000101010872ce5a62f2e0
-1 ADD b6af08e97f000101018bbb6171c519cb
-1 ADD b6af08e57f000101002b16829489f02d
-1 ADD b6af08ee7f00010100c360a569fb3c3f
-1 ADD b6af08f17f00010100d51a5476bfe6dd
-1 ADD b6af08ee7f000101004e17f9dcba5c0d
-1 ADD b6af08e67f00010100ca6ceab5150538
-1 ADD b6af08f27f000101015a2dc42a46e69f
-1 ADD b6af08e97f000101015d4273f86170cc
-1 ADD b6af08ee7f0001010144b9ff1b1ec732
-1 ADD b6af08ee7f0001010012e4cd65bf044f
-1 ADD b6af08ea7f00010100dc4c81c71d9326
-1 ADD b6af08ef7f00010101435ec9efb2b01e
-1 ADD b6af08e87f00010100b8d09d0eb44e1b
-1 ADD b6af08e57f000101015c2843f7711218
-1 ADD b6af08e97f000101015ad1da76e80c6e
-1 ADD b6af08f07f00010100c62080609293f4
-1 ADD b6af08e67f000101019360e7786e4c12
-1 ADD b6af08e67f000101004b2b757d462d4c
-1 ADD b6af08e77f0001010192425a97176322
-1 ADD b6af08e67f00010101609c13af3bf18f
-1 ADD b6af08f27f00010100f6a882de27ec4d
-1 ADD b6af08fa7f000101015118a7329419f1
-1 ADD b6af08f47f0001010086d1daeb95cd22
-1 ADD b6af08f57f0001010196de295e0a4baa
-1 ADD b6af08f37f00010100273f4ea946c152
-1 ADD b6af08fd7f000101003c35fdf5b64a4d
-1 ADD b6af08f67f00010101ef4b2b7e2471e8
-1 ADD b6af08f67f000101019067e5acc928b1
-1 ADD b6af08f47f0001010024bfaa1f7eb5a1
-1 ADD b6af08fd7f0001010012fc02db6862b2
-1 ADD b6af08f37f0001010053d3cfeb82b057
-1 ADD b6af08f77f00010100e9a7c2bfb429be
-1 ADD b6af08fa7f00010100b2e752abec7bb0
-1 ADD b6af08ff7f000101000a39dedafe340f
-1 ADD b6af08f77f0001010089ec5925ab8eea
-1 ADD b6af09007f000101018eabf66b0a8697
-1 ADD b6af08f77f000101012ca5809876a89f
-1 ADD b6af08f87f00010101970ae0100864d3
-1 ADD b6af08fb7f00010100143753b419dcf2
-1 ADD b6af08fc7f0001010030c963a2ec7a4c
-1 ADD b6af08fd7f0001010079019211fabe90
-1 ADD b6af08fe7f00010100842e74e2145898
-1 ADD b6af08f47f00010101cd21971656e3db
-1 ADD b6af08fb7f00010101e7d50384c84b43
-1 ADD b6af08fe7f00010100bc312fab5d3782
-1 ADD b6af09007f00010100b05fcb512d7240
-1 ADD b6af08f87f0001010174cb2163f05182
-1 ADD b6af08f87f0001010026dfcc9220fe28
-1 ADD b6af09017f000101018706f6336c1cf1
-1 ADD b6af09007f000101010b23cf9df651e4
-1 COM
0 STR
0 COM
-1 STR
-1 CRE_IDX _0
-1 OFF_INV _0
-1 ADD_IDX _0
-1 COM
1 STR
1 ADD b6af0ef77f00010101d85e8547ab9407
1 ADD b6af0ef87f00010101bfa3031fdb8eda
1 ADD b6af0ef67f00010101289e48c248e262
1 ADD b6af0ef67f0001010187fafc08b43390
1 ADD b6af0ef57f00010100369fdcfd359e93
1 ADD b6af0ef67f00010100d35f5f720141dc
1 COM
